app/build/intermediates/manifest_merge_blame_file/debug/processDebugMainManifest/manifest-merger-blame-debug-report.txt
1<?xml version="1.0" encoding="utf-8"?>
2<manifest xmlns:android="http://schemas.android.com/apk/res/android"
3    package="com.nezhahq.agent"
4    android:versionCode="1"
5    android:versionName="1.0" >
6
7    <uses-sdk
8        android:minSdkVersion="24"
9        android:targetSdkVersion="34" />
10
11    <!-- 网络访问 -->
12    <uses-permission android:name="android.permission.INTERNET" />
12-->src\main\AndroidManifest.xml:6:5-67
12-->src\main\AndroidManifest.xml:6:22-64
13    <uses-permission android:name="android.permission.ACCESS_NETWORK_STATE" />
13-->src\main\AndroidManifest.xml:7:5-79
13-->src\main\AndroidManifest.xml:7:22-76
14    <uses-permission android:name="android.permission.ACCESS_WIFI_STATE" />
14-->src\main\AndroidManifest.xml:8:5-76
14-->src\main\AndroidManifest.xml:8:22-73
15
16    <!-- 前台服务保活：WakeLock 防止 CPU 睡眠，REQUEST_IGNORE_BATTERY_OPTIMIZATIONS 申请豁免 Doze -->
17    <uses-permission android:name="android.permission.FOREGROUND_SERVICE" />
17-->src\main\AndroidManifest.xml:11:5-77
17-->src\main\AndroidManifest.xml:11:22-74
18    <!-- Android 14+ 专用前台服务类型权限（需与 startForeground 中传入的类型一致） -->
19    <uses-permission android:name="android.permission.FOREGROUND_SERVICE_DATA_SYNC" />
19-->src\main\AndroidManifest.xml:13:5-87
19-->src\main\AndroidManifest.xml:13:22-84
20    <uses-permission android:name="android.permission.FOREGROUND_SERVICE_SPECIAL_USE" />
20-->src\main\AndroidManifest.xml:14:5-89
20-->src\main\AndroidManifest.xml:14:22-86
21    <uses-permission android:name="android.permission.WAKE_LOCK" />
21-->src\main\AndroidManifest.xml:15:5-68
21-->src\main\AndroidManifest.xml:15:22-65
22    <uses-permission android:name="android.permission.REQUEST_IGNORE_BATTERY_OPTIMIZATIONS" />
22-->src\main\AndroidManifest.xml:16:5-95
22-->src\main\AndroidManifest.xml:16:22-92
23
24    <!-- Android 13 (API 33)+ 通知权限：不申请则前台服务通知不显示，保活优先级下降 -->
25    <uses-permission android:name="android.permission.POST_NOTIFICATIONS" />
25-->src\main\AndroidManifest.xml:19:5-77
25-->src\main\AndroidManifest.xml:19:22-74
26
27    <!-- 悬浮窗保活权限 -->
28    <uses-permission android:name="android.permission.SYSTEM_ALERT_WINDOW" />
28-->src\main\AndroidManifest.xml:22:5-78
28-->src\main\AndroidManifest.xml:22:22-75
29
30    <!-- 开机自启权限 -->
31    <uses-permission android:name="android.permission.RECEIVE_BOOT_COMPLETED" />
31-->src\main\AndroidManifest.xml:25:5-81
31-->src\main\AndroidManifest.xml:25:22-78
32
33    <!-- 硬件/系统信息读取 -->
34    <uses-permission android:name="android.permission.BATTERY_STATS" />
34-->src\main\AndroidManifest.xml:28:5-107
34-->src\main\AndroidManifest.xml:28:22-69
35    <uses-permission android:name="android.permission.PACKAGE_USAGE_STATS" />
35-->src\main\AndroidManifest.xml:29:5-113
35-->src\main\AndroidManifest.xml:29:22-75
36
37    <!-- 短信读取（虚拟指令 @agent sms 使用，需要用户手动授权） -->
38    <uses-permission android:name="android.permission.READ_SMS" />
38-->src\main\AndroidManifest.xml:32:5-67
38-->src\main\AndroidManifest.xml:32:22-64
39
40    <!--
41        文件管理器完整访问权限（TaskType 11 / 文件浏览/下载/上传）。
42        - READ/WRITE_EXTERNAL_STORAGE：Android 10 及以下使用
43        - MANAGE_EXTERNAL_STORAGE（Android 11+）：绕过 Scoped Storage FUSE 过滤，
44          使 File.listFiles() 能返回完整的文件+目录列表（否则 FUSE 层只返回目录）。
45          需要用户在系统设置中手动授权「所有文件访问」。
46    -->
47    <uses-permission
47-->src\main\AndroidManifest.xml:41:5-42:38
48        android:name="android.permission.READ_EXTERNAL_STORAGE"
48-->src\main\AndroidManifest.xml:41:22-77
49        android:maxSdkVersion="32" />
49-->src\main\AndroidManifest.xml:42:9-35
50    <uses-permission
50-->src\main\AndroidManifest.xml:43:5-44:38
51        android:name="android.permission.WRITE_EXTERNAL_STORAGE"
51-->src\main\AndroidManifest.xml:43:22-78
52        android:maxSdkVersion="29" />
52-->src\main\AndroidManifest.xml:44:9-35
53    <uses-permission android:name="android.permission.MANAGE_EXTERNAL_STORAGE" />
53-->src\main\AndroidManifest.xml:45:5-46:40
53-->src\main\AndroidManifest.xml:45:22-79
54
55    <permission
55-->[androidx.core:core:1.12.0] AndroidManifest.xml:22:5-24:47
56        android:name="com.nezhahq.agent.DYNAMIC_RECEIVER_NOT_EXPORTED_PERMISSION"
56-->[androidx.core:core:1.12.0] AndroidManifest.xml:23:9-81
57        android:protectionLevel="signature" />
57-->[androidx.core:core:1.12.0] AndroidManifest.xml:24:9-44
58
59    <uses-permission android:name="com.nezhahq.agent.DYNAMIC_RECEIVER_NOT_EXPORTED_PERMISSION" />
59-->[androidx.core:core:1.12.0] AndroidManifest.xml:26:5-97
59-->[androidx.core:core:1.12.0] AndroidManifest.xml:26:22-94
60    <uses-permission android:name="moe.shizuku.manager.permission.API_V23" />
60-->[dev.rikka.shizuku:provider:13.1.5] AndroidManifest.xml:8:5-78
60-->[dev.rikka.shizuku:provider:13.1.5] AndroidManifest.xml:8:22-75
61
62    <application
62-->src\main\AndroidManifest.xml:48:5-133:19
63        android:allowBackup="true"
63-->src\main\AndroidManifest.xml:49:9-35
64        android:appComponentFactory="androidx.core.app.CoreComponentFactory"
64-->[androidx.core:core:1.12.0] AndroidManifest.xml:28:18-86
65        android:debuggable="true"
66        android:extractNativeLibs="false"
67        android:label="@string/app_name"
67-->src\main\AndroidManifest.xml:50:9-41
68        android:networkSecurityConfig="@xml/network_security_config"
68-->src\main\AndroidManifest.xml:53:9-69
69        android:requestLegacyExternalStorage="true"
69-->src\main\AndroidManifest.xml:54:9-52
70        android:supportsRtl="true"
70-->src\main\AndroidManifest.xml:51:9-35
71        android:testOnly="true"
72        android:theme="@style/Theme.NezhaAgent" >
72-->src\main\AndroidManifest.xml:52:9-48
73        <activity
73-->src\main\AndroidManifest.xml:57:9-65:20
74            android:name="com.nezhahq.agent.MainActivity"
74-->src\main\AndroidManifest.xml:58:13-41
75            android:exported="true"
75-->src\main\AndroidManifest.xml:59:13-36
76            android:theme="@style/Theme.NezhaAgent" >
76-->src\main\AndroidManifest.xml:60:13-52
77            <intent-filter>
77-->src\main\AndroidManifest.xml:61:13-64:29
78                <action android:name="android.intent.action.MAIN" />
78-->src\main\AndroidManifest.xml:62:17-69
78-->src\main\AndroidManifest.xml:62:25-66
79
80                <category android:name="android.intent.category.LAUNCHER" />
80-->src\main\AndroidManifest.xml:63:17-77
80-->src\main\AndroidManifest.xml:63:27-74
81            </intent-filter>
82        </activity>
83
84        <!--
85            前台服务：声明 dataSync|specialUse 两种类型，
86            代码中根据 API 级别在运行时选择使用哪种类型：
87              - API 10~33: FOREGROUND_SERVICE_TYPE_DATA_SYNC
88              - API 34+  : FOREGROUND_SERVICE_TYPE_SPECIAL_USE（保活更稳定）
89        -->
90        <service
90-->src\main\AndroidManifest.xml:73:9-85:19
91            android:name="com.nezhahq.agent.service.AgentService"
91-->src\main\AndroidManifest.xml:74:13-49
92            android:enabled="true"
92-->src\main\AndroidManifest.xml:75:13-35
93            android:exported="false"
93-->src\main\AndroidManifest.xml:76:13-37
94            android:foregroundServiceType="dataSync|specialUse" >
94-->src\main\AndroidManifest.xml:77:13-64
95
96            <!--
97                Android 14 (API 34)+ 要求为 specialUse 类型的前台服务提供用途说明。
98                此属性用于 Google Play 审核和系统日志，描述该服务的实际功能。
99            -->
100            <property
100-->src\main\AndroidManifest.xml:82:13-84:101
101                android:name="android.app.PROPERTY_SPECIAL_USE_FGS_SUBTYPE"
101-->src\main\AndroidManifest.xml:83:17-76
102                android:value="哪吒探针系统监控服务：持续采集设备 CPU、内存、网络等运行指标，并通过 gRPC 上报至哪吒监控面板，实现设备实时运行状态监控。" />
102-->src\main\AndroidManifest.xml:84:17-98
103        </service>
104
105        <!--
106            Shizuku ContentProvider：用于从 Shizuku 应用获取 Binder，
107            实现 ADB 级别权限的 Shell 执行能力。
108            - exported="true"：Shizuku 框架要求必须对外公开
109            - INTERACT_ACROSS_USERS_FULL 权限保护：防止普通 App 访问
110            - multiprocess="false"：单进程模式，确保 Binder 一致性
111        -->
112        <provider
113            android:name="rikka.shizuku.ShizukuProvider"
113-->src\main\AndroidManifest.xml:95:13-57
114            android:authorities="com.nezhahq.agent.shizuku"
114-->src\main\AndroidManifest.xml:96:13-59
115            android:enabled="true"
115-->src\main\AndroidManifest.xml:98:13-35
116            android:exported="true"
116-->src\main\AndroidManifest.xml:99:13-36
117            android:multiprocess="false"
117-->src\main\AndroidManifest.xml:97:13-41
118            android:permission="android.permission.INTERACT_ACROSS_USERS_FULL" />
118-->src\main\AndroidManifest.xml:100:13-79
119
120        <!--
121            开机自启接收器。
122            - android:exported="false"：防止第三方 App 伪造广播触发服务。
123            - BOOT_COMPLETED 被列入 Android 8.0+ 隐式广播豁免名单，可正常接收。
124            - MY_PACKAGE_REPLACED 在应用更新后触发，自动恢复探针运行。
125        -->
126        <receiver
126-->src\main\AndroidManifest.xml:108:9-115:20
127            android:name="com.nezhahq.agent.BootReceiver"
127-->src\main\AndroidManifest.xml:109:13-41
128            android:exported="false" >
128-->src\main\AndroidManifest.xml:110:13-37
129            <intent-filter>
129-->src\main\AndroidManifest.xml:111:13-114:29
130                <action android:name="android.intent.action.BOOT_COMPLETED" />
130-->src\main\AndroidManifest.xml:112:17-79
130-->src\main\AndroidManifest.xml:112:25-76
131                <action android:name="android.intent.action.MY_PACKAGE_REPLACED" />
131-->src\main\AndroidManifest.xml:113:17-84
131-->src\main\AndroidManifest.xml:113:25-81
132            </intent-filter>
133        </receiver>
134
135<!--             无障碍保活服务：提高进程优先级，防止系统杀后台 -->
136        <service
136-->src\main\AndroidManifest.xml:120:9-131:19
137            android:name="com.nezhahq.agent.service.KeepAliveAccessibilityService"
137-->src\main\AndroidManifest.xml:121:13-66
138            android:exported="true"
138-->src\main\AndroidManifest.xml:124:13-36
139            android:label="@string/app_name"
139-->src\main\AndroidManifest.xml:122:13-45
140            android:permission="android.permission.BIND_ACCESSIBILITY_SERVICE" >
140-->src\main\AndroidManifest.xml:123:13-79
141            <intent-filter>
141-->src\main\AndroidManifest.xml:125:13-127:29
142                <action android:name="android.accessibilityservice.AccessibilityService" />
142-->src\main\AndroidManifest.xml:126:17-92
142-->src\main\AndroidManifest.xml:126:25-89
143            </intent-filter>
144
145            <meta-data
145-->src\main\AndroidManifest.xml:128:13-130:72
146                android:name="android.accessibilityservice"
146-->src\main\AndroidManifest.xml:129:17-60
147                android:resource="@xml/accessibility_service_config" />
147-->src\main\AndroidManifest.xml:130:17-69
148        </service>
149
150        <activity
150-->[androidx.compose.ui:ui-tooling-android:1.6.1] AndroidManifest.xml:23:9-25:39
151            android:name="androidx.compose.ui.tooling.PreviewActivity"
151-->[androidx.compose.ui:ui-tooling-android:1.6.1] AndroidManifest.xml:24:13-71
152            android:exported="true" />
152-->[androidx.compose.ui:ui-tooling-android:1.6.1] AndroidManifest.xml:25:13-36
153
154        <provider
154-->[androidx.emoji2:emoji2:1.3.0] AndroidManifest.xml:24:9-32:20
155            android:name="androidx.startup.InitializationProvider"
155-->[androidx.emoji2:emoji2:1.3.0] AndroidManifest.xml:25:13-67
156            android:authorities="com.nezhahq.agent.androidx-startup"
156-->[androidx.emoji2:emoji2:1.3.0] AndroidManifest.xml:26:13-68
157            android:exported="false" >
157-->[androidx.emoji2:emoji2:1.3.0] AndroidManifest.xml:27:13-37
158            <meta-data
158-->[androidx.emoji2:emoji2:1.3.0] AndroidManifest.xml:29:13-31:52
159                android:name="androidx.emoji2.text.EmojiCompatInitializer"
159-->[androidx.emoji2:emoji2:1.3.0] AndroidManifest.xml:30:17-75
160                android:value="androidx.startup" />
160-->[androidx.emoji2:emoji2:1.3.0] AndroidManifest.xml:31:17-49
161            <meta-data
161-->[androidx.lifecycle:lifecycle-process:2.7.0] AndroidManifest.xml:29:13-31:52
162                android:name="androidx.lifecycle.ProcessLifecycleInitializer"
162-->[androidx.lifecycle:lifecycle-process:2.7.0] AndroidManifest.xml:30:17-78
163                android:value="androidx.startup" />
163-->[androidx.lifecycle:lifecycle-process:2.7.0] AndroidManifest.xml:31:17-49
164            <meta-data
164-->[androidx.profileinstaller:profileinstaller:1.3.0] AndroidManifest.xml:29:13-31:52
165                android:name="androidx.profileinstaller.ProfileInstallerInitializer"
165-->[androidx.profileinstaller:profileinstaller:1.3.0] AndroidManifest.xml:30:17-85
166                android:value="androidx.startup" />
166-->[androidx.profileinstaller:profileinstaller:1.3.0] AndroidManifest.xml:31:17-49
167        </provider>
168
169        <activity
169-->[androidx.compose.ui:ui-test-manifest:1.6.1] AndroidManifest.xml:23:9-25:39
170            android:name="androidx.activity.ComponentActivity"
170-->[androidx.compose.ui:ui-test-manifest:1.6.1] AndroidManifest.xml:24:13-63
171            android:exported="true" />
171-->[androidx.compose.ui:ui-test-manifest:1.6.1] AndroidManifest.xml:25:13-36
172
173        <meta-data
173-->[dev.rikka.shizuku:provider:13.1.5] AndroidManifest.xml:11:9-13:36
174            android:name="moe.shizuku.client.V3_SUPPORT"
174-->[dev.rikka.shizuku:provider:13.1.5] AndroidManifest.xml:12:13-57
175            android:value="true" />
175-->[dev.rikka.shizuku:provider:13.1.5] AndroidManifest.xml:13:13-33
176
177        <receiver
177-->[androidx.profileinstaller:profileinstaller:1.3.0] AndroidManifest.xml:34:9-52:20
178            android:name="androidx.profileinstaller.ProfileInstallReceiver"
178-->[androidx.profileinstaller:profileinstaller:1.3.0] AndroidManifest.xml:35:13-76
179            android:directBootAware="false"
179-->[androidx.profileinstaller:profileinstaller:1.3.0] AndroidManifest.xml:36:13-44
180            android:enabled="true"
180-->[androidx.profileinstaller:profileinstaller:1.3.0] AndroidManifest.xml:37:13-35
181            android:exported="true"
181-->[androidx.profileinstaller:profileinstaller:1.3.0] AndroidManifest.xml:38:13-36
182            android:permission="android.permission.DUMP" >
182-->[androidx.profileinstaller:profileinstaller:1.3.0] AndroidManifest.xml:39:13-57
183            <intent-filter>
183-->[androidx.profileinstaller:profileinstaller:1.3.0] AndroidManifest.xml:40:13-42:29
184                <action android:name="androidx.profileinstaller.action.INSTALL_PROFILE" />
184-->[androidx.profileinstaller:profileinstaller:1.3.0] AndroidManifest.xml:41:17-91
184-->[androidx.profileinstaller:profileinstaller:1.3.0] AndroidManifest.xml:41:25-88
185            </intent-filter>
186            <intent-filter>
186-->[androidx.profileinstaller:profileinstaller:1.3.0] AndroidManifest.xml:43:13-45:29
187                <action android:name="androidx.profileinstaller.action.SKIP_FILE" />
187-->[androidx.profileinstaller:profileinstaller:1.3.0] AndroidManifest.xml:44:17-85
187-->[androidx.profileinstaller:profileinstaller:1.3.0] AndroidManifest.xml:44:25-82
188            </intent-filter>
189            <intent-filter>
189-->[androidx.profileinstaller:profileinstaller:1.3.0] AndroidManifest.xml:46:13-48:29
190                <action android:name="androidx.profileinstaller.action.SAVE_PROFILE" />
190-->[androidx.profileinstaller:profileinstaller:1.3.0] AndroidManifest.xml:47:17-88
190-->[androidx.profileinstaller:profileinstaller:1.3.0] AndroidManifest.xml:47:25-85
191            </intent-filter>
192            <intent-filter>
192-->[androidx.profileinstaller:profileinstaller:1.3.0] AndroidManifest.xml:49:13-51:29
193                <action android:name="androidx.profileinstaller.action.BENCHMARK_OPERATION" />
193-->[androidx.profileinstaller:profileinstaller:1.3.0] AndroidManifest.xml:50:17-95
193-->[androidx.profileinstaller:profileinstaller:1.3.0] AndroidManifest.xml:50:25-92
194            </intent-filter>
195        </receiver>
196    </application>
197
198</manifest>